2023-11-07 09:53:18,499 [Worker-5: Loading available Gradle versions] INFO  o.e.b.c.i.u.g.PublishedGradleVersions - Gradle version information cache is out-of-date. Trying to update.
2023-12-07 18:36:01,300 [Worker-0: Loading available Gradle versions] INFO  o.e.b.c.i.u.g.PublishedGradleVersions - Gradle version information cache is up-to-date. Trying to read.
2023-12-07 18:36:51,622 [Worker-1: Building] INFO  o.e.m.c.i.l.LifecycleMappingFactory - Using org.eclipse.m2e.jdt.JarLifecycleMapping lifecycle mapping for MavenProject: example:selenium-testng-framework:0.0.1-SNAPSHOT @ C:\Users\P.Sugyani Achary\Desktop\SopifyAutomation\pom.xml.
2023-12-07 18:36:58,169 [Worker-1: Building] INFO  o.e.m.c.i.e.AbstractTransferListenerAdapter - Downloading https://repo.maven.apache.org/maven2/com/sun/mail/javax.mail/maven-metadata.xml
2023-12-07 18:36:59,838 [Worker-1: Building] INFO  o.e.m.c.i.e.AbstractTransferListenerAdapter - Downloaded https://repo.maven.apache.org/maven2/com/sun/mail/javax.mail/maven-metadata.xml
2023-12-07 18:37:20,541 [Worker-1: Building] INFO  o.a.m.s.f.DefaultMavenResourcesFiltering - skip non existing resourceDirectory C:\Users\P.Sugyani Achary\Desktop\SopifyAutomation\src\main\resources
2023-12-07 18:37:20,558 [Worker-1: Building] INFO  o.a.m.s.f.DefaultMavenResourcesFiltering - Copying 4 resources from src\test\resources to target\test-classes
2023-12-07 18:38:15,127 [Worker-8: Building] INFO  o.e.m.c.i.l.LifecycleMappingFactory - Using org.eclipse.m2e.jdt.JarLifecycleMapping lifecycle mapping for MavenProject: Sopify:selenium-testng-framework:0.0.1-SNAPSHOT @ C:\Users\P.Sugyani Achary\Desktop\SopifyAutomation\pom.xml.
2023-12-07 18:38:15,873 [Worker-8: Building] INFO  o.a.m.s.f.DefaultMavenResourcesFiltering - skip non existing resourceDirectory C:\Users\P.Sugyani Achary\Desktop\SopifyAutomation\src\main\resources
2023-12-07 18:38:15,884 [Worker-8: Building] INFO  o.a.m.s.f.DefaultMavenResourcesFiltering - Copying 0 resource from src\test\resources to target\test-classes
2023-12-07 18:43:49,658 [Worker-6: Building] INFO  o.a.m.s.f.DefaultMavenResourcesFiltering - skip non existing resourceDirectory C:\Users\P.Sugyani Achary\Desktop\SopifyAutomation\src\main\resources
2023-12-07 18:43:49,676 [Worker-6: Building] INFO  o.a.m.s.f.DefaultMavenResourcesFiltering - Copying 4 resources from src\test\resources to target\test-classes
2023-12-07 19:00:53,835 [Worker-6: Building] INFO  o.e.m.c.i.l.LifecycleMappingFactory - Using org.eclipse.m2e.jdt.JarLifecycleMapping lifecycle mapping for MavenProject: Sopify:selenium-testng-framework:0.0.1-SNAPSHOT @ C:\Users\P.Sugyani Achary\Desktop\SopifyAutomation\pom.xml.
2023-12-07 19:00:57,550 [Worker-6: Building] INFO  o.a.m.s.f.DefaultMavenResourcesFiltering - skip non existing resourceDirectory C:\Users\P.Sugyani Achary\Desktop\SopifyAutomation\src\main\resources
2023-12-07 19:00:57,561 [Worker-6: Building] INFO  o.a.m.s.f.DefaultMavenResourcesFiltering - Copying 4 resources from src\test\resources to target\test-classes
2023-12-07 19:07:30,956 [Worker-1: Building] INFO  o.a.m.s.f.DefaultMavenResourcesFiltering - skip non existing resourceDirectory C:\Users\P.Sugyani Achary\Desktop\SopifyAutomation\src\main\resources
2023-12-07 19:07:30,973 [Worker-1: Building] INFO  o.a.m.s.f.DefaultMavenResourcesFiltering - Copying 4 resources from src\test\resources to target\test-classes
2023-12-07 19:07:52,358 [Worker-15: Building] INFO  o.a.m.s.f.DefaultMavenResourcesFiltering - skip non existing resourceDirectory C:\Users\P.Sugyani Achary\Desktop\SopifyAutomation\src\main\resources
2023-12-07 19:07:52,367 [Worker-15: Building] INFO  o.a.m.s.f.DefaultMavenResourcesFiltering - Copying 4 resources from src\test\resources to target\test-classes
2023-12-07 19:08:15,835 [Worker-1: Building] INFO  o.a.m.s.f.DefaultMavenResourcesFiltering - skip non existing resourceDirectory C:\Users\P.Sugyani Achary\Desktop\SopifyAutomation\src\main\resources
2023-12-07 19:08:15,865 [Worker-1: Building] INFO  o.a.m.s.f.DefaultMavenResourcesFiltering - Copying 4 resources from src\test\resources to target\test-classes
2023-12-07 19:08:51,505 [Worker-1: Building] INFO  o.a.m.s.f.DefaultMavenResourcesFiltering - skip non existing resourceDirectory C:\Users\P.Sugyani Achary\Desktop\SopifyAutomation\src\main\resources
2023-12-07 19:08:51,513 [Worker-1: Building] INFO  o.a.m.s.f.DefaultMavenResourcesFiltering - Copying 4 resources from src\test\resources to target\test-classes
2023-12-07 19:09:18,076 [Worker-17: Building] INFO  o.a.m.s.f.DefaultMavenResourcesFiltering - skip non existing resourceDirectory C:\Users\P.Sugyani Achary\Desktop\SopifyAutomation\src\main\resources
2023-12-07 19:09:18,085 [Worker-17: Building] INFO  o.a.m.s.f.DefaultMavenResourcesFiltering - Copying 4 resources from src\test\resources to target\test-classes
2023-12-07 19:24:46,265 [Worker-0: Loading available Gradle versions] INFO  o.e.b.c.i.u.g.PublishedGradleVersions - Gradle version information cache is up-to-date. Trying to read.
